cartoon/app/build/intermediates/manifest_merge_blame_file/debug/manifest-merger-blame-debug-report.txt
1<?xml version="1.0" encoding="utf-8"?>
2<manifest xmlns:android="http://schemas.android.com/apk/res/android"
3    package="com.cookandroid.cartoon"
4    android:versionCode="1"
5    android:versionName="1.0" >
6
7    <uses-sdk
8        android:minSdkVersion="15"
8-->src/main/AndroidManifest.xml
9        android:targetSdkVersion="29" />
9-->src/main/AndroidManifest.xml
10
11    <application
11-->src/main/AndroidManifest.xml:5:5-33:19
12        android:allowBackup="true"
12-->src/main/AndroidManifest.xml:6:9-35
13        android:appComponentFactory="androidx.core.app.CoreComponentFactory"
13-->[androidx.core:core:1.1.0] AndroidManifest.xml:24:18-86
14        android:debuggable="true"
15        android:icon="@mipmap/ic_launcher"
15-->src/main/AndroidManifest.xml:7:9-43
16        android:label="@string/app_name"
16-->src/main/AndroidManifest.xml:8:9-41
17        android:roundIcon="@mipmap/ic_launcher_round"
17-->src/main/AndroidManifest.xml:9:9-54
18        android:supportsRtl="true"
18-->src/main/AndroidManifest.xml:10:9-35
19        android:testOnly="true"
20        android:theme="@style/AppTheme" >
20-->src/main/AndroidManifest.xml:11:9-40
21        <activity
21-->src/main/AndroidManifest.xml:12:9-20:20
22            android:name="com.cookandroid.cartoon.MainActivity"
22-->src/main/AndroidManifest.xml:13:13-41
23            android:label="@string/app_name" >
23-->src/main/AndroidManifest.xml:14:13-45
24            <intent-filter>
24-->src/main/AndroidManifest.xml:15:13-19:29
25                <action android:name="android.intent.action.MAIN" />
25-->src/main/AndroidManifest.xml:16:17-69
25-->src/main/AndroidManifest.xml:16:25-66
26
27                <category android:name="android.intent.category.LAUNCHER" />
27-->src/main/AndroidManifest.xml:18:17-77
27-->src/main/AndroidManifest.xml:18:27-74
28            </intent-filter>
29        </activity>
30        <activity android:name="com.cookandroid.cartoon.ComicView1" />
30-->src/main/AndroidManifest.xml:21:9-57
30-->src/main/AndroidManifest.xml:21:19-45
31        <activity android:name="com.cookandroid.cartoon.join" />
31-->src/main/AndroidManifest.xml:22:9-51
31-->src/main/AndroidManifest.xml:22:19-39
32        <activity android:name="com.cookandroid.cartoon.Next" />
32-->src/main/AndroidManifest.xml:23:9-51
32-->src/main/AndroidManifest.xml:23:19-39
33        <activity android:name="com.cookandroid.cartoon.RankUser" />
33-->src/main/AndroidManifest.xml:24:9-55
33-->src/main/AndroidManifest.xml:24:19-43
34        <activity android:name="com.cookandroid.cartoon.Userinfo" />
34-->src/main/AndroidManifest.xml:25:9-55
34-->src/main/AndroidManifest.xml:25:19-43
35        <activity android:name="com.cookandroid.cartoon.Draw" />
35-->src/main/AndroidManifest.xml:26:9-51
35-->src/main/AndroidManifest.xml:26:19-39
36        <activity android:name="com.cookandroid.cartoon.Login" />
36-->src/main/AndroidManifest.xml:27:9-52
36-->src/main/AndroidManifest.xml:27:19-40
37        <activity android:name="com.cookandroid.cartoon.Mywork" />
37-->src/main/AndroidManifest.xml:28:9-53
37-->src/main/AndroidManifest.xml:28:19-41
38        <activity android:name="com.cookandroid.cartoon.Mypage" />
38-->src/main/AndroidManifest.xml:29:9-53
38-->src/main/AndroidManifest.xml:29:19-41
39        <activity android:name="com.cookandroid.cartoon.ui.dashboard.DashboardFragment" />
39-->src/main/AndroidManifest.xml:30:9-77
39-->src/main/AndroidManifest.xml:30:19-65
40        <activity android:name="com.cookandroid.cartoon.ui.home.HomeFragment" />
40-->src/main/AndroidManifest.xml:31:9-67
40-->src/main/AndroidManifest.xml:31:19-55
41        <activity android:name="com.cookandroid.cartoon.ui.notifications.NotificationsFragment" />
41-->src/main/AndroidManifest.xml:32:9-85
41-->src/main/AndroidManifest.xml:32:19-73
42
43        <provider
43-->[androidx.lifecycle:lifecycle-process:2.1.0] AndroidManifest.xml:23:9-27:43
44            android:name="androidx.lifecycle.ProcessLifecycleOwnerInitializer"
44-->[androidx.lifecycle:lifecycle-process:2.1.0] AndroidManifest.xml:24:13-79
45            android:authorities="com.cookandroid.cartoon.lifecycle-process"
45-->[androidx.lifecycle:lifecycle-process:2.1.0] AndroidManifest.xml:25:13-69
46            android:exported="false"
46-->[androidx.lifecycle:lifecycle-process:2.1.0] AndroidManifest.xml:26:13-37
47            android:multiprocess="true" />
47-->[androidx.lifecycle:lifecycle-process:2.1.0] AndroidManifest.xml:27:13-40
48    </application>
49
50</manifest>